<?xml version="1.0" encoding="UTF-8"?>
<!-- Generated by org.testng.reporters.JUnitXMLReporter -->
<testsuite hostname="DESKTOP-J6HCANK" ignored="1" name="mavenweek14_nopcommerce" tests="1" failures="0" timestamp="14 Jun 2021 09:58:35 GMT" time="38.445" errors="0">
  <testcase name="verifyProductAddedToShoppingCartSuccessFully" time="30.704" classname="com.nopcommerce.demo.computers.TestSuite"/>
  <testcase name="verifyProductArrangeInAlphabeticalOrder" time="0.0" classname="com.nopcommerce.demo.computers.TestSuite">
    <ignored/>
  </testcase> <!-- verifyProductArrangeInAlphabeticalOrder -->
</testsuite> <!-- mavenweek14_nopcommerce -->
