<?xml version="1.0" encoding="UTF-8"?>
<!-- Generated by org.testng.reporters.JUnitXMLReporter -->
<testsuite hostname="DESKTOP-J6HCANK" ignored="0" name="Regression Test" tests="3" failures="0" timestamp="17 Jun 2021 14:22:25 GMT" time="49.644" errors="0">
  <testcase name="verifyProductAddedToShoppingCartSuccessFully" time="30.705" classname="com.nopcommerce.demo.computers.TestSuite"/>
  <testcase name="verifyProductArrangeInAlphabeticalOrder" time="6.437" classname="com.nopcommerce.demo.computers.TestSuite"/>
  <testcase name="selectMenuAndClick" time="1.167" classname="com.nopcommerce.demo.homePage.TestTopMenu"/>
</testsuite> <!-- Regression Test -->
